<repository-service default-repository="repository">
  <repositories>
    <repository name="repository" system-workspace="system" default-workspace="collaboration">
      <security-domain>exo-domain</security-domain>
      <access-control>optional</access-control>
      <authentication-policy>org.exoplatform.services.jcr.impl.core.access.JAASAuthenticator</authentication-policy>
      <workspaces>
        <workspace name="system" auto-init-permissions="">
          <container class="org.exoplatform.services.jcr.impl.storage.jdbc.JDBCWorkspaceDataContainer">
            <properties>
              <property name="source-name" value="jdbcexo" />
              <property name="multi-db" value="false" />
              <property name="max-buffer-size" value="200k" />
              <property name="swap-directory" value="../temp/swap/system" />
            </properties>
            <value-storages>
              <value-storage id="1" class="org.exoplatform.services.jcr.impl.storage.value.fs.TreeFileValueStorage">
                <properties>
                  <property name="path" value="../temp/values/system" />
                </properties>
                <filters>
                  <filter property-type="Binary" />
                </filters>
              </value-storage>
            </value-storages>
          </container>
          <initializer>
            <properties>
              <property name="root-nodetype" value="nt:unstructured"/>
              <property name="root-permissions" value="*:/platform/administrators read;*:/platform/administrators add_node;*:/platform/administrators set_property;*:/platform/administrators remove"/>
            </properties>
          </initializer> 
          <cache enabled="true" class="org.exoplatform.services.jcr.impl.dataflow.persistent.jbosscache.JBossCacheWorkspaceStorageCache">
            <properties>
                
                <property name="jbosscache-configuration" value="../config/test-jbosscache-data.xml" />
                <property name="jgroups-configuration" value="../config/udp-mux.xml" />
                <property name="jgroups-multiplexer-stack" value="true" />
                <property name="jbosscache-cluster-name" value="JCR-benchmark-data-system" />
                
            </properties>
          </cache>
          <query-handler class="org.exoplatform.services.jcr.impl.core.query.lucene.SearchIndex">
            <properties>
              <property name="index-dir" value="../temp/index/db/system" />
              <property name="changesfilter-class" value="org.exoplatform.services.jcr.impl.core.query.jbosscache.JBossCacheIndexChangesFilter" />
              
              <property name="jbosscache-configuration" value="../config/test-jbosscache-indexer.xml" />
              <property name="jgroups-configuration" value="../config/udp-mux.xml" />
              <property name="jgroups-multiplexer-stack" value="true" />
              <property name="jbosscache-cluster-name" value="JCR-benchmark-index-system" />
              <property name="max-volatile-time" value="60" />
              
            </properties>
          </query-handler>
          <lock-manager class="org.exoplatform.services.jcr.impl.core.lock.jbosscache.CacheableLockManagerImpl">
            <properties>
              <property name="time-out" value="15m" />
              
              <!-- This block should be adopted for each DB, till not implemented programmatically -->
              <property name="jbosscache-configuration" value="../config/test-jbosscache-lock.xml" />
              <property name="jgroups-configuration" value="../config/udp-mux.xml" />
              <property name="jgroups-multiplexer-stack" value="true" />
              <property name="jbosscache-cluster-name" value="JCR-benchmark-lock-system" />
              <property name="jbosscache-cl-cache.jdbc.table.name" value="jcrlocks_system"/>
              <property name="jbosscache-cl-cache.jdbc.table.create" value="true"/>
              <property name="jbosscache-cl-cache.jdbc.table.drop" value="false"/>
              <property name="jbosscache-cl-cache.jdbc.table.primarykey" value="jcrlocks_system_pk"/>
              <property name="jbosscache-cl-cache.jdbc.fqn.column" value="fqn"/>
              <property name="jbosscache-cl-cache.jdbc.fqn.type" value="VARCHAR(512)"/>
              <property name="jbosscache-cl-cache.jdbc.node.column" value="node"/>
              <property name="jbosscache-cl-cache.jdbc.node.type" value="LONGVARBINARY"/>
              <property name="jbosscache-cl-cache.jdbc.parent.column" value="parent"/>
              <property name="jbosscache-cl-cache.jdbc.datasource" value="jdbcexo"/>
              
            </properties>
          </lock-manager>
        </workspace>
        <workspace name="collaboration">
          <container class="org.exoplatform.services.jcr.impl.storage.jdbc.JDBCWorkspaceDataContainer">
            <properties>
              <property name="source-name" value="jdbcexo" />
              <property name="multi-db" value="false" />
              <property name="max-buffer-size" value="200k" />
              <property name="swap-directory" value="../temp/swap/collaboration" />
            </properties>
            <value-storages>
              <value-storage id="1" class="org.exoplatform.services.jcr.impl.storage.value.fs.TreeFileValueStorage">
                <properties>
                  <property name="path" value="../temp/values/collaboration" />
                </properties>
                <filters>
                  <filter property-type="Binary" />
                </filters>
              </value-storage>
            </value-storages>
          </container>
          <initializer>
            <properties>
              <property name="root-nodetype" value="nt:unstructured"/>
              <property name="root-permissions" value="*:/platform/administrators read;*:/platform/administrators add_node;*:/platform/administrators set_property;*:/platform/administrators remove"/>
            </properties>
          </initializer> 
          <cache enabled="true" class="org.exoplatform.services.jcr.impl.dataflow.persistent.jbosscache.JBossCacheWorkspaceStorageCache">
            <properties>
 
                <property name="jbosscache-configuration" value="../config/test-jbosscache-data.xml" />
                <property name="jgroups-configuration" value="../config/udp-mux.xml" />
                <property name="jgroups-multiplexer-stack" value="true" />
                <property name="jbosscache-cluster-name" value="JCR-benchmark-data-collab" />
                
            </properties>
          </cache>
          <query-handler class="org.exoplatform.services.jcr.impl.core.query.lucene.SearchIndex">
            <properties>
              <property name="index-dir" value="../temp/index/db/collaboration" />
              <property name="changesfilter-class" value="org.exoplatform.services.jcr.impl.core.query.jbosscache.JBossCacheIndexChangesFilter" />
              
              <property name="jbosscache-configuration" value="../config/test-jbosscache-indexer.xml" />
              <property name="jgroups-configuration" value="../config/udp-mux.xml" />
              <property name="jgroups-multiplexer-stack" value="true" />
              <property name="jbosscache-cluster-name" value="JCR-benchmark-index-collab" />
              <property name="max-volatile-time" value="60" />
              
                           
            </properties>
          </query-handler>
          <lock-manager class="org.exoplatform.services.jcr.impl.core.lock.jbosscache.CacheableLockManagerImpl">
            <properties>
              <property name="time-out" value="15m" />
              
              <!-- This block should be adopted for each DB, till not implemented programmatically -->
              <property name="jbosscache-configuration" value="../config/test-jbosscache-lock.xml" />
              <property name="jgroups-configuration" value="../config/udp-mux.xml" />
              <property name="jgroups-multiplexer-stack" value="true" />
              <property name="jbosscache-cluster-name" value="JCR-benchmark-lock-collab" />
              <property name="jbosscache-cl-cache.jdbc.table.name" value="jcrlocks_collab"/>
              <property name="jbosscache-cl-cache.jdbc.table.create" value="true"/>
              <property name="jbosscache-cl-cache.jdbc.table.drop" value="false"/>
              <property name="jbosscache-cl-cache.jdbc.table.primarykey" value="jcrlocks_collab_pk"/>
              <property name="jbosscache-cl-cache.jdbc.fqn.column" value="fqn"/>
              <property name="jbosscache-cl-cache.jdbc.fqn.type" value="VARCHAR(512)"/>
              <property name="jbosscache-cl-cache.jdbc.node.column" value="node"/>
              <property name="jbosscache-cl-cache.jdbc.node.type" value="LONGVARBINARY"/>
              <property name="jbosscache-cl-cache.jdbc.parent.column" value="parent"/>
              <property name="jbosscache-cl-cache.jdbc.datasource" value="jdbcexo"/>

            </properties>
          </lock-manager>
        </workspace>
      </workspaces>
    </repository>
  </repositories>
</repository-service>
