<repository-service default-repository="repository">
  <repositories>
    <repository name="repository" system-workspace="system" default-workspace="collaboration">
      <security-domain>exo-domain</security-domain>
      <access-control>optional</access-control>
      <authentication-policy>org.exoplatform.services.jcr.impl.core.access.JAASAuthenticator</authentication-policy>
      <workspaces>
        <workspace name="system" auto-init-permissions="">
          <container class="org.exoplatform.services.jcr.impl.storage.jdbc.JDBCWorkspaceDataContainer">
            <properties>
              <property name="dialect" value="hsqldb" />
              <property name="source-name" value="jdbcexo" />
              <property name="multi-db" value="false" />
              <property name="max-buffer-size" value="200k" />
              <property name="swap-directory" value="../temp/swap/system" />
            </properties>
            <value-storages>
              <value-storage id="1" class="org.exoplatform.services.jcr.impl.storage.value.fs.TreeFileValueStorage">
                <properties>
                  <property name="path" value="../temp/values/system" />
                </properties>
                <filters>
                  <filter property-type="Binary" />
                </filters>
              </value-storage>
            </value-storages>
          </container>
          <initializer>
            <properties>
              <property name="root-nodetype" value="nt:unstructured"/>
              <property name="root-permissions" value="*:/platform/administrators read;*:/platform/administrators add_node;*:/platform/administrators set_property;*:/platform/administrators remove"/>
            </properties>
          </initializer> 
          <cache enabled="true" class="org.exoplatform.services.jcr.impl.dataflow.persistent.jbosscache.JBossCacheWorkspaceStorageCache">
            <properties>
                <property name="jbosscache-configuration" value="../config/test-jbosscache-config-system.xml" />
            </properties>
          </cache>
          <query-handler class="org.exoplatform.services.jcr.impl.core.query.lucene.SearchIndex">
            <properties>
              <property name="index-dir" value="../temp/index/db/system" />
              <property name="changesfilter-class" value="org.exoplatform.services.jcr.impl.core.query.jbosscache.JBossCacheIndexChangesFilter" />
              <property name="changesfilter-config-path" value="../config/test-jbosscache-indexer-system.xml" />
            </properties>
          </query-handler>
          <lock-manager class="org.exoplatform.services.jcr.impl.core.lock.jbosscache.CacheableLockManager">
            <properties>
              <property name="time-out" value="15m" />
              <property name="jbosscache-configuration" value="../config/test-jbosscache-lock-config_system.xml" />
            </properties>
          </lock-manager>
        </workspace>
        <workspace name="collaboration">
          <container class="org.exoplatform.services.jcr.impl.storage.jdbc.JDBCWorkspaceDataContainer">
            <properties>
              <property name="dialect" value="hsqldb" />
              <property name="source-name" value="jdbcexo" />
              <property name="multi-db" value="false" />
              <property name="max-buffer-size" value="200k" />
              <property name="swap-directory" value="../temp/swap/collaboration" />
            </properties>
            <value-storages>
              <value-storage id="1" class="org.exoplatform.services.jcr.impl.storage.value.fs.TreeFileValueStorage">
                <properties>
                  <property name="path" value="../temp/values/collaboration" />
                </properties>
                <filters>
                  <filter property-type="Binary" />
                </filters>
              </value-storage>
            </value-storages>
          </container>
          <initializer>
            <properties>
              <property name="root-nodetype" value="nt:unstructured"/>
              <property name="root-permissions" value="*:/platform/administrators read;*:/platform/administrators add_node;*:/platform/administrators set_property;*:/platform/administrators remove"/>
            </properties>
          </initializer> 
          <cache enabled="true" class="org.exoplatform.services.jcr.impl.dataflow.persistent.jbosscache.JBossCacheWorkspaceStorageCache">
            <properties>
                <property name="jbosscache-configuration" value="../config/test-jbosscache-config-collaboration.xml" />
            </properties>
          </cache>
          <query-handler class="org.exoplatform.services.jcr.impl.core.query.lucene.SearchIndex">
            <properties>
              <property name="index-dir" value="../temp/index/db/collaboration" />
              <property name="changesfilter-class" value="org.exoplatform.services.jcr.impl.core.query.jbosscache.JBossCacheIndexChangesFilter" />
              <property name="changesfilter-config-path" value="../config/test-jbosscache-indexer-config-collaboration.xml" />              
            </properties>
          </query-handler>
          <lock-manager class="org.exoplatform.services.jcr.impl.core.lock.jbosscache.CacheableLockManager">
            <properties>
              <property name="time-out" value="15m" />
              <property name="jbosscache-configuration" value="../config/test-jbosscache-lock-config_collaboration.xml" />
            </properties>
          </lock-manager>
        </workspace>
      </workspaces>
    </repository>
  </repositories>
</repository-service>
