<repository-service default-repository="repository">
  <repositories>
    <repository name="repository" system-workspace="system" default-workspace="collaboration">
      <security-domain>exo-domain</security-domain>
      <access-control>optional</access-control>
      <authentication-policy>org.exoplatform.services.jcr.impl.core.access.JAASAuthenticator</authentication-policy>
      <workspaces>
        <workspace name="system" auto-init-permissions="">
          <container class="org.exoplatform.services.jcr.impl.storage.jdbc.optimisation.CQJDBCWorkspaceDataContainer">
            <properties>
              <property name="source-name" value="jdbcexo" />
              <property name="db-structure-type" value="isolated" />
              <property name="db-tablename-suffix" value="SYS" />
              <property name="max-buffer-size" value="200k" />
              <property name="swap-directory" value="../temp/swap/system" />
            </properties>
            <value-storages>
              <value-storage id="1" class="org.exoplatform.services.jcr.impl.storage.value.fs.TreeFileValueStorage">
                <properties>
                  <property name="path" value="../temp/values/system" />
                </properties>
                <filters>
                  <filter property-type="Binary" />
                </filters>
              </value-storage>
            </value-storages>
          </container>
          <initializer>
            <properties>
              <property name="root-nodetype" value="nt:unstructured" />
              <property name="root-permissions"
                value="any read;*:/platform/users read;*:/platform/users add_node;*:/platform/users set_property;*:/platform/users remove" />
            </properties>
          </initializer>
          <cache enabled="true"
            class="org.exoplatform.services.jcr.impl.dataflow.persistent.infinispan.ISPNCacheWorkspaceStorageCache">
            <properties>
              <property name="infinispan-configuration" value="../config/test-infinispan-config.xml" />
              <property name="jgroups-configuration" value="flush-udp.xml" />
              <property name="infinispan-cluster-name" value="JCR-benchmark-cluster" />
            </properties>
          </cache>
          <query-handler class="org.exoplatform.services.jcr.impl.core.query.lucene.SearchIndex">
            <properties>
              <property name="index-dir" value="../temp/index/db/system" />
              <property name="changesfilter-class" value="org.exoplatform.services.jcr.impl.core.query.ispn.ISPNIndexChangesFilter" />
              <property name="infinispan-configuration" value="../config/test-infinispan-indexer.xml" />
              <property name="jgroups-configuration" value="flush-udp.xml" />
              <property name="infinispan-cluster-name" value="JCR-benchmark-cluster" />
              <property name="max-volatile-time" value="60" />
              <property name="rdbms-reindexing" value="false" />
            </properties>
          </query-handler>
          <lock-manager class="org.exoplatform.services.jcr.impl.core.lock.infinispan.ISPNCacheableLockManagerImpl">
            <properties>
              <property name="time-out" value="25m" />
              <property name="infinispan-configuration" value="../config/test-infinispan-config.xml" />
              <property name="jgroups-configuration" value="flush-udp.xml" />
              <property name="infinispan-cluster-name" value="JCR-benchmark-cluster" />
              <property name="infinispan-cl-cache.jdbc.table.name" value="lk" />
              <property name="infinispan-cl-cache.jdbc.table.create" value="true" />
              <property name="infinispan-cl-cache.jdbc.table.drop" value="false" />
              <property name="infinispan-cl-cache.jdbc.id.column" value="id" />
              <property name="infinispan-cl-cache.jdbc.data.column" value="data" />
              <property name="infinispan-cl-cache.jdbc.timestamp.column" value="timestamp" />
              <property name="infinispan-cl-cache.jdbc.datasource" value="jdbcexo" />
              <property name="infinispan-cl-cache.jdbc.connectionFactory" value="org.infinispan.loaders.jdbc.connectionfactory.ManagedConnectionFactory" />
            </properties>
          </lock-manager>
        </workspace>
        <workspace name="collaboration">
          <container class="org.exoplatform.services.jcr.impl.storage.jdbc.optimisation.CQJDBCWorkspaceDataContainer">
            <properties>
              <property name="source-name" value="jdbcexo" />
              <property name="db-structure-type" value="isolated" />
              <property name="db-tablename-suffix" value="COLAB" />
              <property name="max-buffer-size" value="200k" />
              <property name="swap-directory" value="../temp/swap/collaboration" />
            </properties>
            <value-storages>
              <value-storage id="1" class="org.exoplatform.services.jcr.impl.storage.value.fs.TreeFileValueStorage">
                <properties>
                  <property name="path" value="../temp/values/collaboration" />
                </properties>
                <filters>
                  <filter property-type="Binary" />
                </filters>
              </value-storage>
            </value-storages>
          </container>
          <initializer>
            <properties>
              <property name="root-nodetype" value="nt:unstructured" />
              <property name="root-permissions"
                value="any read;*:/platform/users read;*:/platform/users add_node;*:/platform/users set_property;*:/platform/users remove" />
            </properties>
          </initializer>
          <cache enabled="true"
            class="org.exoplatform.services.jcr.impl.dataflow.persistent.infinispan.ISPNCacheWorkspaceStorageCache">
            <properties>
              <property name="infinispan-configuration" value="../config/test-infinispan-config.xml" />
              <property name="jgroups-configuration" value="flush-udp.xml" />
              <property name="infinispan-cluster-name" value="JCR-benchmark-cluster" />
            </properties>
          </cache>
          <query-handler class="org.exoplatform.services.jcr.impl.core.query.lucene.SearchIndex">
            <properties>
              <property name="index-dir" value="../temp/index/db/collaboration" />
              <property name="changesfilter-class" value="org.exoplatform.services.jcr.impl.core.query.ispn.ISPNIndexChangesFilter" />
              <property name="infinispan-configuration" value="../config/test-infinispan-indexer.xml" />
              <property name="jgroups-configuration" value="flush-udp.xml" />
              <property name="infinispan-cluster-name" value="JCR-benchmark-cluster" />
              <property name="max-volatile-time" value="60" />
              <property name="rdbms-reindexing" value="false" />
            </properties>
          </query-handler>
          <lock-manager class="org.exoplatform.services.jcr.impl.core.lock.infinispan.ISPNCacheableLockManagerImpl">
            <properties>
              <property name="time-out" value="25m" />
              <property name="infinispan-configuration" value="../config/test-infinispan-config.xml" />
              <property name="jgroups-configuration" value="flush-udp.xml" />
              <property name="infinispan-cluster-name" value="JCR-benchmark-cluster" />
              <property name="infinispan-cl-cache.jdbc.table.name" value="lk" />
              <property name="infinispan-cl-cache.jdbc.table.create" value="true" />
              <property name="infinispan-cl-cache.jdbc.table.drop" value="false" />
              <property name="infinispan-cl-cache.jdbc.id.column" value="id" />
              <property name="infinispan-cl-cache.jdbc.data.column" value="data" />
              <property name="infinispan-cl-cache.jdbc.timestamp.column" value="timestamp" />
              <property name="infinispan-cl-cache.jdbc.datasource" value="jdbcexo" />
              <property name="infinispan-cl-cache.jdbc.connectionFactory" value="org.infinispan.loaders.jdbc.connectionfactory.ManagedConnectionFactory" />
            </properties>
          </lock-manager>
        </workspace>
        <workspace name="digital-assets">
          <container class="org.exoplatform.services.jcr.impl.storage.jdbc.optimisation.CQJDBCWorkspaceDataContainer">
            <properties>
              <property name="source-name" value="jdbcexo" />
              <property name="db-structure-type" value="isolated" />
              <property name="db-tablename-suffix" value="DIGIT" />
              <property name="max-buffer-size" value="200k" />
              <property name="swap-directory" value="../temp/swap/digital-assets" />
            </properties>
            <value-storages>
              <value-storage id="1" class="org.exoplatform.services.jcr.impl.storage.value.fs.TreeFileValueStorage">
                <properties>
                  <property name="path" value="../temp/values/digital-assets" />
                </properties>
                <filters>
                  <filter property-type="Binary" />
                </filters>
              </value-storage>
            </value-storages>
          </container>
          <initializer>
            <properties>
              <property name="root-nodetype" value="nt:unstructured" />
              <property name="root-permissions"
                value="*:/platform/users read;*:/platform/users add_node;*:/platform/users set_property;*:/platform/users remove;*:/platform/administrators read;*:/platform/administrators add_node;*:/platform/administrators set_property;*:/platform/administrators remove" />
            </properties>
          </initializer>
          <cache enabled="true"
            class="org.exoplatform.services.jcr.impl.dataflow.persistent.infinispan.ISPNCacheWorkspaceStorageCache">
            <properties>
              <property name="infinispan-configuration" value="../config/test-infinispan-config.xml" />
              <property name="jgroups-configuration" value="flush-udp.xml" />
              <property name="infinispan-cluster-name" value="JCR-benchmark-cluster" />
            </properties>
          </cache>
          <query-handler class="org.exoplatform.services.jcr.impl.core.query.lucene.SearchIndex">
            <properties>
              <property name="index-dir" value="../temp/index/db/digital-assets" />
              <property name="changesfilter-class" value="org.exoplatform.services.jcr.impl.core.query.ispn.ISPNIndexChangesFilter" />
              <property name="infinispan-configuration" value="../config/test-infinispan-indexer.xml" />
              <property name="jgroups-configuration" value="flush-udp.xml" />
              <property name="infinispan-cluster-name" value="JCR-benchmark-cluster" />
              <property name="max-volatile-time" value="60" />
              <property name="rdbms-reindexing" value="false" />
            </properties>
          </query-handler>
          <lock-manager class="org.exoplatform.services.jcr.impl.core.lock.infinispan.ISPNCacheableLockManagerImpl">
            <properties>
              <property name="time-out" value="25m" />
              <property name="infinispan-configuration" value="../config/test-infinispan-config.xml" />
              <property name="jgroups-configuration" value="flush-udp.xml" />
              <property name="infinispan-cluster-name" value="JCR-benchmark-cluster" />
              <property name="infinispan-cl-cache.jdbc.table.name" value="lk" />
              <property name="infinispan-cl-cache.jdbc.table.create" value="true" />
              <property name="infinispan-cl-cache.jdbc.table.drop" value="false" />
              <property name="infinispan-cl-cache.jdbc.id.column" value="id" />
              <property name="infinispan-cl-cache.jdbc.data.column" value="data" />
              <property name="infinispan-cl-cache.jdbc.timestamp.column" value="timestamp" />
              <property name="infinispan-cl-cache.jdbc.datasource" value="jdbcexo" />
              <property name="infinispan-cl-cache.jdbc.connectionFactory" value="org.infinispan.loaders.jdbc.connectionfactory.ManagedConnectionFactory" />
            </properties>
          </lock-manager>
        </workspace>
      </workspaces>
    </repository>
  </repositories>
</repository-service>
