<?xml version="1.0" encoding="UTF-8"?>
<jbosscache xmlns:xsi="http://www.w3.org/2001/XMLSchema-instance" xmlns="urn:jboss:jbosscache-core:config:3.2">

	<locking useLockStriping="false" concurrencyLevel="50000" lockParentForChildInsertRemove="false" lockAcquisitionTimeout="20000" />

	<clustering mode="replication" clusterName="JBoss-Cache-Lock-Cluster_collaboration_tornado">
		<stateRetrieval timeout="20000" fetchInMemoryState="false" nonBlocking="true" />
		<jgroupsConfig>

			<TCP bind_addr="127.0.0.1" start_port="9850" loopback="true" recv_buf_size="20000000" send_buf_size="640000" discard_incompatible_packets="true"
				max_bundle_size="64000" max_bundle_timeout="30" use_incoming_packet_handler="true" enable_bundling="false" use_send_queues="false" sock_conn_timeout="300"
				skip_suspected_members="true" use_concurrent_stack="true" thread_pool.enabled="true" thread_pool.min_threads="1" thread_pool.max_threads="25"
				thread_pool.keep_alive_time="5000" thread_pool.queue_enabled="false" thread_pool.queue_max_size="100" thread_pool.rejection_policy="run"
				oob_thread_pool.enabled="true" oob_thread_pool.min_threads="1" oob_thread_pool.max_threads="8" oob_thread_pool.keep_alive_time="5000"
				oob_thread_pool.queue_enabled="false" oob_thread_pool.queue_max_size="100" oob_thread_pool.rejection_policy="run" />
			<MPING timeout="2000" num_initial_members="2" mcast_port="34542" bind_addr="127.0.0.1" mcast_addr="224.0.0.1" />


			<MERGE2 max_interval="30000" min_interval="10000" />
			<FD_SOCK />
			<FD max_tries="5" shun="true" timeout="10000" />
			<VERIFY_SUSPECT timeout="1500" />
			<pbcast.NAKACK discard_delivered_msgs="true" gc_lag="0" retransmit_timeout="300,600,1200,2400,4800" use_mcast_xmit="false" />
			<UNICAST timeout="300,600,1200,2400,3600" />
			<pbcast.STABLE desired_avg_gossip="50000" max_bytes="400000" stability_delay="1000" />
			<pbcast.GMS join_timeout="5000" print_local_addr="true" shun="false" view_ack_collection_timeout="5000" view_bundling="true" />
			<FRAG2 frag_size="60000" />
			<pbcast.STREAMING_STATE_TRANSFER />
			<pbcast.FLUSH timeout="0" />

		</jgroupsConfig>

		<sync />
	</clustering>

	<loaders passivation="false" shared="true">
		<preload>
			<node fqn="/" />
		</preload>
		<loader class="org.jboss.cache.loader.JDBCCacheLoader" async="false" fetchPersistentState="false" ignoreModifications="false" purgeOnStartup="false">
			<properties>
				cache.jdbc.table.name=jcrlocks_collaboration
				cache.jdbc.table.create=true
				cache.jdbc.table.drop=false
				cache.jdbc.table.primarykey=jcrlocks_collaboration_pk
				cache.jdbc.fqn.column=fqn
				cache.jdbc.fqn.type=VARCHAR(512)
				cache.jdbc.node.column=node
				cache.jdbc.node.type=LONGBLOB
				cache.jdbc.parent.column=parent
				cache.jdbc.datasource=jdbcexo
          </properties>
		</loader>

	</loaders>

</jbosscache>
