<?xml version="1.0" encoding="UTF-8"?>
<jbosscache xmlns:xsi="http://www.w3.org/2001/XMLSchema-instance" xmlns="urn:jboss:jbosscache-core:config:3.1">

   <locking isolationLevel="READ_COMMITTED" useLockStriping="false" concurrencyLevel="50000" lockParentForChildInsertRemove="false"
      lockAcquisitionTimeout="20000" />

   <clustering mode="replication" clusterName="${jbosscache-cluster-name}">
      <stateRetrieval timeout="20000" fetchInMemoryState="false" />
      <jgroupsConfig multiplexerStack="jcr.benchmark.stack" />
      <sync />
   </clustering>
   <!-- Eviction configuration -->
   <eviction wakeUpInterval="5000">
      <default algorithmClass="org.jboss.cache.eviction.FIFOAlgorithm" eventQueueSize="1000000">
         <property name="maxNodes" value="10000" />
         <property name="minTimeToLive" value="60000" />
      </default>
   </eviction>

</jbosscache>
