<?xml version="1.0" encoding="ISO-8859-1"?>
<configuration
   xmlns:xsi="http://www.w3.org/2001/XMLSchema-instance"
   xsi:schemaLocation="http://www.exoplaform.org/xml/ns/kernel_1_0.xsd http://www.exoplaform.org/xml/ns/kernel_1_0.xsd"
   xmlns="http://www.exoplaform.org/xml/ns/kernel_1_0.xsd">
   	
  <component>
    <key>org.exoplatform.services.log.LogConfigurationInitializer</key>
    <type>org.exoplatform.services.log.LogConfigurationInitializer</type>
    <init-params>
      <value-param>
        <name>logger</name>
        <value>org.exoplatform.services.log.impl.BufferedLog4JLogger</value>
      </value-param>
      <value-param>
        <name>configurator</name>
        <value>org.exoplatform.services.log.impl.Log4JConfigurator</value>
      </value-param>
      <properties-param>
        <name>properties</name>
        <description>Log4J properties</description>
        <property name="log4j.rootLogger" value="INFO, stdout, file" />

        <property name="log4j.appender.stdout" value="org.apache.log4j.ConsoleAppender" />
        <property name="log4j.appender.stdout.threshold" value="INFO" />

        <property name="log4j.appender.stdout.layout" value="org.apache.log4j.PatternLayout" />
        <property name="log4j.appender.stdout.layout.ConversionPattern" value="%d{dd.MM.yyyy HH:mm:ss} *%-5p* [%t] %c{1}: %m (%F, line %L) %n" />

        <property name="log4j.appender.file" value="org.apache.log4j.FileAppender" />
        <property name="log4j.appender.file.File" value="../logs/jcr.log" />

        <property name="log4j.appender.file.layout" value="org.apache.log4j.PatternLayout" />
        <property name="log4j.appender.file.layout.ConversionPattern" value="%d{dd.MM.yyyy HH:mm:ss} *%-5p* [%t] %c{1}: %m (%F, line %L) %n" />

      </properties-param>
    </init-params>
  </component>

  <component>
    <key>org.exoplatform.services.jcr.config.RepositoryServiceConfiguration</key>
    <type>org.exoplatform.services.jcr.impl.config.RepositoryServiceConfigurationImpl</type>
    <init-params>
      <value-param>
        <name>conf-path</name>
        <description>JCR configuration file</description>
        <value>test-jcr-config-benchmark.xml</value>
      </value-param>
    </init-params>
  </component>

  <component>
    <key>org.exoplatform.services.jcr.RepositoryService</key>
    <type>org.exoplatform.services.jcr.impl.RepositoryServiceImpl</type>
    <component-plugins>
      <component-plugin>
        <name>add.namespaces</name>
        <set-method>addPlugin</set-method>
        <type>org.exoplatform.services.jcr.impl.AddNamespacesPlugin</type>
        <init-params>
          <properties-param>
            <name>namespaces</name>
            <property name="dc" value="http://purl.org/dc/elements/1.1/"/>
          </properties-param>
        </init-params>
      </component-plugin>
      <component-plugin>
        <name>add.nodeType</name>
        <set-method>addPlugin</set-method>
        <type>org.exoplatform.services.jcr.impl.AddNodeTypePlugin</type>
        <init-params>
          <values-param>
            <name>autoCreatedInNewRepository</name>
            <description>Node types configuration file</description>
            <value>jar:/conf/ext-nodetypes-config.xml</value>
			<value>jar:/conf/organization-nodetypes.xml</value>
          </values-param>
        </init-params>
      </component-plugin>
    </component-plugins>
  </component>

  <!--component>
    <type>org.exoplatform.services.organization.impl.mock.DummyOrganizationService</type>
  </component-->

  <!--component>
    <key>org.exoplatform.services.organization.OrganizationService</key>
    <type>org.exoplatform.services.organization.hibernate.OrganizationServiceImpl</type>
  </component-->

  <component>
    <key>org.exoplatform.services.organization.OrganizationService</key>
    <type>org.exoplatform.services.jcr.ext.organization.JCROrganizationServiceImpl</type>
    <init-params>
      <value-param>
        <name>storage-workspace</name>
        <description>Workspace in default repository where organization storage will be created</description>
        <value>system</value>
      </value-param>
    </init-params>
  </component>


  <component>
    <key>org.exoplatform.services.transaction.TransactionService</key>
    <type>org.exoplatform.services.transaction.impl.jotm.TransactionServiceJotmImpl</type>
    <init-params>
      <value-param>
        <name>timeout</name>
        <value>5</value>
      </value-param>
    </init-params>
  </component>

  <component>
    <type>org.exoplatform.services.jcr.ext.registry.RegistryService</type>
    <init-params>
      <properties-param>
        <name>locations</name>
        <property name="repository" value="collaboration" />
      </properties-param>
    </init-params>
  </component>

  <component>
    <type>org.exoplatform.services.jcr.impl.ext.action.SessionActionCatalog</type>
    <component-plugins>
      <component-plugin>
        <name>addActions</name>
        <set-method>addPlugin</set-method>
        <type>org.exoplatform.services.jcr.impl.ext.action.AddActionsPlugin</type>
        <description>add actions plugin</description>
        <init-params>
          <object-param>
            <name>actions</name>
            <object type="org.exoplatform.services.jcr.impl.ext.action.AddActionsPlugin$ActionsConfig">
              <field name="actions">
                <collection type="java.util.ArrayList">
                  <value>
                    <object type="org.exoplatform.services.jcr.impl.ext.action.ActionConfiguration">
                      <field name="eventTypes">
                        <string>addProperty,changeProperty</string>
                      </field>
                      <field name="nodeTypes">
                        <string>nt:resource</string>
                      </field>
                      <field name="actionClassName">
                        <string>org.exoplatform.services.jcr.ext.metadata.AddMetadataAction</string>
                      </field>
                    </object>
                  </value>
                </collection>
              </field>
            </object>
          </object-param>
        </init-params>
      </component-plugin>
    </component-plugins>
  </component>

 <!--component>
    <type>org.exoplatform.services.jcr.ext.replication.async.AsyncReplication</type>
    <init-params>
      <values-param>
        <name>repositories</name>
        <value>repository</value>
      </values-param>
      <properties-param>
        <name>replication-properties</name>
        <property name="priority" value="80"/>
        <property name="other-participants-priority" value="50" />
        <property name="bind-ip-address" value="127.0.0.1"/>
        <property name="channel-config" value="TCP(start_port=7900;oob_thread_pool.queue_max_size=100;thread_naming_pattern=cl;use_concurrent_stack=true;oob_thread_pool.rejection_policy=Run;discard_incompatible_packets=true;thread_pool.max_threads=40;oob_thread_pool.enabled=false;oob_thread_pool.max_threads=20;loopback=false;oob_thread_pool.keep_alive_time=5000;thread_pool.queue_enabled=false;oob_thread_pool.queue_enabled=false;max_bundle_size=64000;thread_pool.queue_max_size=100;thread_pool.enabled=false;enable_diagnostics=true;max_bundle_timeout=30;oob_thread_pool.min_threads=8;use_incoming_packet_handler=true;thread_pool.rejection_policy=Run;bind_addr=$bind-ip-address;thread_pool.min_threads=8;thread_pool.keep_alive_time=5000;enable_bundling=true):MPING(timeout=2000;num_initial_members=8;mcast_port=34526;mcast_addr=224.0.0.1):FD(timeout=2000;max_tries=5;shun=true):FD_SOCK:VERIFY_SUSPECT(timeout=1500):pbcast.NAKACK(max_xmit_size=60000;print_stability_history_on_failed_xmit=true;use_mcast_xmit=false;gc_lag=0;discard_delivered_msgs=true;retransmit_timeout=300,600,1200,2400,4800):pbcast.STABLE(stability_delay=1000;desired_avg_gossip=50000;max_bytes=8000000):pbcast.GMS(print_local_addr=true;join_timeout=3000;view_bundling=true;join_retry_timeout=2000;shun=true;merge_leader=true;reject_join_from_existing_member=true)"/>
        <property name="channel-name" value="AsyncRepBenchmarkTest"/>
        <property name="storage-dir" value="target/asyncreplication"/>
        <property name="wait-all-members" value="3000"/>
      </properties-param>
    </init-params>
  </component-->

  <!--external-component-plugins>
    <target-component>org.exoplatform.services.database.HibernateService</target-component>
    <component-plugin> 
      <name>add.hibernate.mapping</name>
      <set-method>addPlugin</set-method>
      <type>org.exoplatform.services.database.impl.AddHibernateMappingPlugin</type>
      <init-params>
        <values-param>
          <name>hibernate.mapping</name>
          <value>org/exoplatform/services/organization/impl/UserImpl.hbm.xml</value>
          <value>org/exoplatform/services/organization/impl/MembershipImpl.hbm.xml</value>
          <value>org/exoplatform/services/organization/impl/GroupImpl.hbm.xml</value>
          <value>org/exoplatform/services/organization/impl/MembershipTypeImpl.hbm.xml</value>
          <value>org/exoplatform/services/organization/impl/UserProfileData.hbm.xml</value>
        </values-param>
      </init-params>
    </component-plugin>
  </external-component-plugins-->

  <external-component-plugins>
    <target-component>org.exoplatform.services.organization.OrganizationService</target-component>
    <component-plugin>
      <name>init.service.listener</name>
      <set-method>addListenerPlugin</set-method>
      <type>org.exoplatform.services.organization.OrganizationDatabaseInitializer</type>
      <description>this listener populate organization data for the first launch</description>
      <init-params>
        <value-param>
          <name>checkDatabaseAlgorithm</name>
          <description>check database</description>
          <value>entry</value>
        </value-param>
        <value-param>
          <name>printInformation</name>
          <description>Print information init database</description>
          <value>false</value>
        </value-param>
        <object-param>
          <name>configuration</name>
          <description>description</description>
          <object type="org.exoplatform.services.organization.OrganizationConfig">
            <field name="membershipType">
              <collection type="java.util.ArrayList">
                <value>
                  <object type="org.exoplatform.services.organization.OrganizationConfig$MembershipType">
                    <field name="type">
                      <string>manager</string>
                    </field>
                    <field name="description">
                      <string>manager membership type</string>
                    </field>
                  </object>
                </value>
                <value>
                  <object type="org.exoplatform.services.organization.OrganizationConfig$MembershipType">
                    <field name="type">
                      <string>member</string>
                    </field>
                    <field name="description">
                      <string>member membership type</string>
                    </field>
                  </object>
                </value>
                <value>
                  <object type="org.exoplatform.services.organization.OrganizationConfig$MembershipType">
                    <field name="type">
                      <string>validator</string>
                    </field>
                    <field name="description">
                      <string>validator membership type</string>
                    </field>
                  </object>
                </value>
              </collection>
            </field>
            
            <field name="group">
              <collection type="java.util.ArrayList">
                <value>
                  <object type="org.exoplatform.services.organization.OrganizationConfig$Group">
                    <field name="name">
                      <string>platform</string>
                    </field>
                    <field name="parentId">
                      <string></string>
                    </field>
                    <field name="description">
                      <string>the /platform group</string>
                    </field>
                    <field name="label">
                      <string>Platform</string>
                    </field>
                  </object>
                </value>
                <value>
                  <object type="org.exoplatform.services.organization.OrganizationConfig$Group">
                    <field name="name">
                      <string>administrators</string>
                    </field>
                    <field name="parentId">
                      <string>/platform</string>
                    </field>
                    <field name="description">
                      <string>the /platform/administrators group</string>
                    </field>
                    <field name="label">
                      <string>Administrators</string>
                    </field>
                  </object>
                </value>
                <value>
                  <object type="org.exoplatform.services.organization.OrganizationConfig$Group">
                    <field name="name">
                      <string>users</string>
                    </field>
                    <field name="parentId">
                      <string>/platform</string>
                    </field>
                    <field name="description">
                      <string>the /platform/users group</string>
                    </field>
                    <field name="label">
                      <string>Users</string>
                    </field>
                  </object>
                </value>
                <value>
                  <object type="org.exoplatform.services.organization.OrganizationConfig$Group">
                    <field name="name">
                      <string>guests</string>
                    </field>
                    <field name="parentId">
                      <string>/platform</string>
                    </field>
                    <field name="description">
                      <string>the /platform/guests group</string>
                    </field>
                    <field name="label">
                      <string>Guests</string>
                    </field>
                  </object>
                </value>
                <value>
                  <object type="org.exoplatform.services.organization.OrganizationConfig$Group">
                    <field name="name">
                      <string>organization</string>
                    </field>
                    <field name="parentId">
                      <string></string>
                    </field>
                    <field name="description">
                      <string>the organization group</string>
                    </field>
                    <field name="label">
                      <string>Organization</string>
                    </field>
                  </object>
                </value>
                <value>
                  <object type="org.exoplatform.services.organization.OrganizationConfig$Group">
                    <field name="name">
                      <string>management</string>
                    </field>
                    <field name="parentId">
                      <string>/organization</string>
                    </field>
                    <field name="description">
                      <string>the /organization/management group</string>
                    </field>
                    <field name="label">
                      <string>Management</string>
                    </field>
                  </object>
                </value>
                <value>
                  <object type="org.exoplatform.services.organization.OrganizationConfig$Group">
                    <field name="name">
                      <string>executive-board</string>
                    </field>
                    <field name="parentId">
                      <string>/organization/management</string>
                    </field>
                    <field name="description">
                      <string>the /organization/management/executive-board group</string>
                    </field>
                    <field name="label">
                      <string>Executive Board</string>
                    </field>
                  </object>
                </value>
                <value>
                  <object type="org.exoplatform.services.organization.OrganizationConfig$Group">
                    <field name="name">
                      <string>human-resources</string>
                    </field>
                    <field name="parentId">
                      <string>/organization/management</string>
                    </field>
                    <field name="description">
                      <string>the /organization/management/human-resource group</string>
                    </field>
                    <field name="label">
                      <string>Human Resources</string>
                    </field>
                  </object>
                </value>
                <value>
                  <object type="org.exoplatform.services.organization.OrganizationConfig$Group">
                    <field name="name">
                      <string>communication</string>
                    </field>
                    <field name="parentId">
                      <string>/organization</string>
                    </field>
                    <field name="description">
                      <string>the /organization/communication group</string>
                    </field>
                    <field name="label">
                      <string>Communication</string>
                    </field>
                  </object>
                </value>
                <value>
                  <object type="org.exoplatform.services.organization.OrganizationConfig$Group">
                    <field name="name">
                      <string>marketing</string>
                    </field>
                    <field name="parentId">
                      <string>/organization/communication</string>
                    </field>
                    <field name="description">
                      <string>the /organization/communication/marketing group</string>
                    </field>
                    <field name="label">
                      <string>Marketing</string>
                    </field>
                  </object>
                </value>
                <value>
                  <object type="org.exoplatform.services.organization.OrganizationConfig$Group">
                    <field name="name">
                      <string>press-and-media</string>
                    </field>
                    <field name="parentId">
                      <string>/organization/communication</string>
                    </field>
                    <field name="description">
                      <string>the /organization/communication/press-and-media group</string>
                    </field>
                    <field name="label">
                      <string>Press and Media</string>
                    </field>
                  </object>
                </value>
                <value>
                  <object type="org.exoplatform.services.organization.OrganizationConfig$Group">
                    <field name="name">
                      <string>operations</string>
                    </field>
                    <field name="parentId">
                      <string>/organization</string>
                    </field>
                    <field name="description">
                      <string>the /organization/operations and media group</string>
                    </field>
                    <field name="label">
                      <string>Operations</string>
                    </field>
                  </object>
                </value>
                <value>
                  <object type="org.exoplatform.services.organization.OrganizationConfig$Group">
                    <field name="name">
                      <string>sales</string>
                    </field>
                    <field name="parentId">
                      <string>/organization/operations</string>
                    </field>
                    <field name="description">
                      <string>the /organization/operations/sales group</string>
                    </field>
                    <field name="label">
                      <string>Sales</string>
                    </field>
                  </object>
                </value>
                <value>
                  <object type="org.exoplatform.services.organization.OrganizationConfig$Group">
                    <field name="name">
                      <string>finances</string>
                    </field>
                    <field name="parentId">
                      <string>/organization/operations</string>
                    </field>
                    <field name="description">
                      <string>the /organization/operations/finances group</string>
                    </field>
                    <field name="label">
                      <string>Finances</string>
                    </field>
                  </object>
                </value>
                <value>
                  <object type="org.exoplatform.services.organization.OrganizationConfig$Group">
                    <field name="name">
                      <string>customers</string>
                    </field>
                    <field name="parentId">
                      <string></string>
                    </field>
                    <field name="description">
                      <string>the /customers group</string>
                    </field>
                    <field name="label">
                      <string>Customers</string>
                    </field>
                  </object>
                </value>
                <value>
                  <object type="org.exoplatform.services.organization.OrganizationConfig$Group">
                    <field name="name">
                      <string>partners</string>
                    </field>
                    <field name="parentId">
                      <string></string>
                    </field>
                    <field name="description">
                      <string>the /partners group</string>
                    </field>
                    <field name="label">
                      <string>Partners</string>
                    </field>
                  </object>
                </value>
              </collection>
            </field>
            
            <field name="user">
              <collection type="java.util.ArrayList">
                <value>
                  <object type="org.exoplatform.services.organization.OrganizationConfig$User">
                    <field name="userName">
                      <string>root</string>
                    </field>
                    <field name="password">
                      <string>exo</string>
                    </field>
                    <field name="firstName">
                      <string>Root</string>
                    </field>
                    <field name="lastName">
                      <string>Root</string>
                    </field>
                    <field name="email">
                      <string>root@localhost</string>
                    </field>
                    <field name="groups">
                      <string>
                        *:/platform/administrators,*:/platform/users,
                        member:/organization/management/executive-board
                      </string>
                    </field>
                  </object>
                </value>
                
                <value>
                  <object type="org.exoplatform.services.organization.OrganizationConfig$User">
                    <field name="userName">
                      <string>john</string>
                    </field>
                    <field name="password">
                      <string>exo</string>
                    </field>
                    <field name="firstName">
                      <string>John</string>
                    </field>
                    <field name="lastName">
                      <string>Anthony</string>
                    </field>
                    <field name="email">
                      <string>john@localhost</string>
                    </field>
                    <field name="groups">
                      <string>
                        validator:/platform/administrators,manager:/platform/users,
                        *:/organization/management/executive-board, manager:/organization/management/executive-board, validator:/organization/management/executive-board
                      </string>
                    </field>
                  </object>
                </value>
                <value>
                  <object type="org.exoplatform.services.organization.OrganizationConfig$User">
                    <field name="userName">
                      <string>marry</string>
                    </field>
                    <field name="password">
                      <string>exo</string>
                    </field>
                    <field name="firstName">
                      <string>Marry</string>
                    </field>
                    <field name="lastName">
                      <string>Kelly</string>
                    </field>
                    <field name="email">
                      <string>marry@localhost</string>
                    </field>
                    <field name="groups">
                      <string>member:/platform/users</string>
                    </field>
                  </object>
                </value>
                <value>
                  <object type="org.exoplatform.services.organization.OrganizationConfig$User">
                    <field name="userName">
                      <string>demo</string>
                    </field>
                    <field name="password">
                      <string>exo</string>
                    </field>
                    <field name="firstName">
                      <string>Demo</string>
                    </field>
                    <field name="lastName">
                      <string>exo</string>
                    </field>
                    <field name="email">
                      <string>demo@localhost</string>
                    </field>
                    <field name="groups">
                      <string>member:/platform/users</string>
                    </field>
                  </object>
                </value>
                <value>
                  <object type="org.exoplatform.services.organization.OrganizationConfig$User">
                    <field name="userName">
                      <string>james</string>
                    </field>
                    <field name="password">
                      <string>exo</string>
                    </field>
                    <field name="firstName">
                      <string>James</string>
                    </field>
                    <field name="lastName">
                      <string>Anderson</string>
                    </field>
                    <field name="email">
                      <string>james@localhost</string>
                    </field>
                    <field name="groups">
                      <string>*:/organization/management/human-resources,member:/platform/users</string>
                    </field>
                  </object>
                </value>
              </collection>
            </field>
          </object>
        </object-param>
      </init-params>
    </component-plugin>
  </external-component-plugins>

  <external-component-plugins>
    <target-component>org.exoplatform.services.naming.InitialContextInitializer</target-component>
    <component-plugin>
      <name>bind.datasource</name>
      <set-method>addPlugin</set-method>
      <type>org.exoplatform.services.naming.BindReferencePlugin</type>
      <init-params>
        <value-param>
          <name>bind-name</name>
          <value>jdbcexo</value>
        </value-param>
        <value-param>
          <name>class-name</name>
          <value>javax.sql.DataSource</value>
        </value-param>
        <value-param>
          <name>factory</name>
          <value>org.apache.commons.dbcp.BasicDataSourceFactory</value>
        </value-param>
        <properties-param>
          <name>ref-addresses</name>
          <description>ref-addresses</description>

          <!-- HSQL-->
          <property name="driverClassName" value="org.hsqldb.jdbcDriver" />
          <property name="url" value="jdbc:hsqldb:file:../temp/data/portal" />
          <property name="username" value="sa" />
          <property name="password" value="" />

          <!-- MySQL-->
          <!--<property name="driverClassName" value="com.mysql.jdbc.Driver" />
          <property name="url" value="jdbc:mysql://localhost/portal" />
          <property name="username" value="root" />
          <property name="password" value="admin" />
          <property name="maxActive" value="100" />
          <property name="maxIdle" value="5" />
          <property name="initialSize" value="5" />-->

          <!-- ORACLE-->
          <!--<property name="driverClassName" value="oracle.jdbc.OracleDriver" />
          <property name="url" value="jdbc:oracle:thin:@tornado.exoua-int:1523:orcl" />
          <property name="username" value="exoperf" />
          <property name="password" value="exo12321" />
          <property name="maxActive" value="50" />
          <property name="maxIdle" value="2" />
          <property name="initialSize" value="2" />-->

          <!-- POSTGRESQL-->
          <!--property name="driverClassName" value="org.postgresql.Driver" />
          <property name="url" value="jdbc:postgresql://localhost/portal" />
          <property name="username" value="postgres" />
          <property name="password" value="admin" />
          <property name="maxActive" value="100" />
          <property name="maxIdle" value="5" />
          <property name="initialSize" value="5" /-->

        </properties-param>
      </init-params>
    </component-plugin>
  </external-component-plugins>

</configuration>
